 WARN  Unsupported engine: wanted: {"node":">=24.11.0"} (current: {"node":"v22.21.1","pnpm":"10.25.0"})
Lockfile is up to date, resolution step is skipped
Progress: resolved 1, reused 0, downloaded 0, added 0
Packages: +224
++++++++++++++++++++++++++++++++++++++++++++++++++++++++++++++++++++++++++++++++
Progress: resolved 224, reused 0, downloaded 43, added 17
Progress: resolved 224, reused 0, downloaded 64, added 25
Progress: resolved 224, reused 0, downloaded 100, added 38
Progress: resolved 224, reused 0, downloaded 141, added 54
Progress: resolved 224, reused 0, downloaded 224, added 224, done
 WARN  Could not apply patch /app/patches/debug.patch to /app/node_modules/.pnpm/debug@4.4.3_patch_hash=b12cae049d47a9e32e31249166810e3faa1ce93528ce1c37b6635ddd408d60c4/node_modules/debug
.../sharp@0.34.5/node_modules/sharp install$ node install/check.js || npm run build
.../esbuild@0.25.4/node_modules/esbuild postinstall$ node install.js
.../esbuild@0.25.4/node_modules/esbuild postinstall: Done
.../sharp@0.34.5/node_modules/sharp install: Done

dependencies:
+ @floating-ui/dom 1.7.4
+ @material/material-color-utilities 0.3.0
+ @material/web 2.4.1
+ @resvg/resvg-js 2.6.2
+ @tanstack/virtual-core 3.13.13
+ @types/dom-navigation 1.0.6
+ @types/jszip 3.4.1
+ @types/wicg-file-system-access 2023.10.7
+ idb 8.0.3
+ jszip 3.10.1
+ music-metadata 11.10.3
+ tiny-invariant 1.3.3
+ valibot 1.2.0
+ weak-lru-cache 1.2.2

devDependencies:
+ @biomejs/biome 2.3.8
+ @inlang/paraglide-js 2.7.0
+ @sveltejs/adapter-static 3.0.10
+ @sveltejs/kit 2.49.2
+ @sveltejs/vite-plugin-svelte 6.2.1
+ @tailwindcss/vite 4.1.18
+ @types/node 24.10.2
+ @vitest/coverage-v8 4.0.15
+ fake-indexeddb 6.2.5
+ prettier 3.7.4
+ prettier-plugin-svelte 3.4.0
+ prettier-plugin-tailwindcss 0.7.2
+ svelte 5.46.0
+ svelte-check 4.3.4
+ tailwindcss 4.1.18
+ typescript 5.9.3
+ unplugin-auto-import 20.3.0
+ vite 8.0.0-beta.2
+ vite-imagetools 9.0.2
+ vitest 4.0.15


> local-music-pwa-next@0.0.1 prepare /app
> svelte-kit sync

Your tsconfig.json should extend the configuration generated by SvelteKit:
{
  "extends": "./.generated/svelte-kit/tsconfig.json"
}
Done in 8s using pnpm v10.25.0
